<?xml version="1.0" encoding="UTF-8"?>
<!-- Generated by org.testng.reporters.JUnitReportReporter -->
<testsuite hostname="Jyotis-MacBook-Air.local" failures="0" tests="1" name="com.techarch.ExtentReportDemo1.SaleForce_login" time="27.352" errors="0" timestamp="2021-01-27T23:49:23 PST" skipped="0">
  <testcase classname="com.techarch.ExtentReportDemo1.SaleForce_login" name="loginToSales" time="27.352"/>
  <system-out/>
</testsuite> <!-- com.techarch.ExtentReportDemo1.SaleForce_login -->
