<?xml version="1.0" encoding="UTF-8"?>
<!-- Generated by org.testng.reporters.JUnitReportReporter -->
<testsuite hostname="Jyotis-MacBook-Air.local" failures="0" tests="1" name="com.techarch.ExtentReportDemo1.SaleForce_login" time="14.692" errors="0" timestamp="2021-01-28T00:08:14 PST" skipped="0">
  <testcase classname="com.techarch.ExtentReportDemo1.SaleForce_login" name="loginToSales" time="14.692"/>
  <system-out/>
</testsuite> <!-- com.techarch.ExtentReportDemo1.SaleForce_login -->
